0 info it worked if it ends with ok
1 verbose cli [ 'node',
1 verbose cli   '/usr/local/bin/npm',
1 verbose cli   'install',
1 verbose cli   'karma-angular-module-mocks' ]
2 info using npm@1.3.14
3 info using node@v0.10.22
4 warn package.json pagedemo@0.0.0 No description
5 warn package.json pagedemo@0.0.0 No repository field.
6 warn package.json pagedemo@0.0.0 No README data
7 verbose readDependencies using package.json deps
8 verbose cache add [ 'karma-angular-module-mocks', null ]
9 verbose cache add name=undefined spec="karma-angular-module-mocks" args=["karma-angular-module-mocks",null]
10 verbose parsed url { protocol: null,
10 verbose parsed url   slashes: null,
10 verbose parsed url   auth: null,
10 verbose parsed url   host: null,
10 verbose parsed url   port: null,
10 verbose parsed url   hostname: null,
10 verbose parsed url   hash: null,
10 verbose parsed url   search: null,
10 verbose parsed url   query: null,
10 verbose parsed url   pathname: 'karma-angular-module-mocks',
10 verbose parsed url   path: 'karma-angular-module-mocks',
10 verbose parsed url   href: 'karma-angular-module-mocks' }
11 silly lockFile a7274746-karma-angular-module-mocks karma-angular-module-mocks
12 verbose lock karma-angular-module-mocks /Users/_Alz/.npm/a7274746-karma-angular-module-mocks.lock
13 silly lockFile a7274746-karma-angular-module-mocks karma-angular-module-mocks
14 silly lockFile a7274746-karma-angular-module-mocks karma-angular-module-mocks
15 verbose addNamed [ 'karma-angular-module-mocks', '' ]
16 verbose addNamed [ null, '*' ]
17 silly lockFile 905a8626-karma-angular-module-mocks karma-angular-module-mocks@
18 verbose lock karma-angular-module-mocks@ /Users/_Alz/.npm/905a8626-karma-angular-module-mocks.lock
19 silly addNameRange { name: 'karma-angular-module-mocks',
19 silly addNameRange   range: '*',
19 silly addNameRange   hasData: false }
20 verbose url raw karma-angular-module-mocks
21 verbose url resolving [ 'https://registry.npmjs.org/',
21 verbose url resolving   './karma-angular-module-mocks' ]
22 verbose url resolved https://registry.npmjs.org/karma-angular-module-mocks
23 info trying registry request attempt 1 at 01:39:24
24 http GET https://registry.npmjs.org/karma-angular-module-mocks
25 http 404 https://registry.npmjs.org/karma-angular-module-mocks
26 silly registry.get cb [ 404,
26 silly registry.get   { date: 'Tue, 12 Aug 2014 00:39:25 GMT',
26 silly registry.get     server: 'CouchDB/1.5.0 (Erlang OTP/R16B03)',
26 silly registry.get     'content-type': 'application/json',
26 silly registry.get     'cache-control': 'max-age=0',
26 silly registry.get     'content-length': '52',
26 silly registry.get     'accept-ranges': 'bytes',
26 silly registry.get     via: '1.1 varnish',
26 silly registry.get     age: '0',
26 silly registry.get     'x-served-by': 'cache-lcy1134-LCY',
26 silly registry.get     'x-cache': 'MISS',
26 silly registry.get     'x-cache-hits': '0',
26 silly registry.get     'x-timer': 'S1407803964.816092,VS0,VE659',
26 silly registry.get     'keep-alive': 'timeout=10, max=50',
26 silly registry.get     connection: 'Keep-Alive' } ]
27 silly lockFile 905a8626-karma-angular-module-mocks karma-angular-module-mocks@
28 silly lockFile 905a8626-karma-angular-module-mocks karma-angular-module-mocks@
29 error 404 'karma-angular-module-mocks' is not in the npm registry.
29 error 404 You should bug the author to publish it
29 error 404
29 error 404 Note that you can also install from a
29 error 404 tarball, folder, or http url, or git url.
30 error System Darwin 11.4.2
31 error command "node" "/usr/local/bin/npm" "install" "karma-angular-module-mocks"
32 error cwd /Users/_Alz/JustEat
33 error node -v v0.10.22
34 error npm -v 1.3.14
35 error code E404
36 verbose exit [ 1, true ]
